<?xml version="1.0" encoding="UTF-8"?>
<!-- Generated by org.testng.reporters.JUnitReportReporter -->
<testsuite hostname="LENOVO-PC" failures="0" tests="1" name="zomatoAPI_Automation.Find_restaurant_in_Jhansi" time="23.967" errors="0" timestamp="01 Jan 2019 09:32:56 GMT" skipped="0">
  <testcase classname="zomatoAPI_Automation.Find_restaurant_in_Jhansi" name="ListofRestaurant" time="23.967"/>
</testsuite> <!-- zomatoAPI_Automation.Find_restaurant_in_Jhansi -->
