<?xml version="1.0" encoding="UTF-8"?>
<!-- Generated by org.testng.reporters.JUnitReportReporter -->
<testsuite hostname="LENOVO-PC" failures="0" tests="1" name="zomatoAPI_Automation.Find_restaurant_in_Jhansi" time="16.689" errors="0" timestamp="26 Dec 2018 16:37:37 GMT" skipped="0">
  <testcase classname="zomatoAPI_Automation.Find_restaurant_in_Jhansi" name="ListofRestaurant" time="16.689"/>
</testsuite> <!-- zomatoAPI_Automation.Find_restaurant_in_Jhansi -->
