<?xml version="1.0" encoding="UTF-8"?>
<!-- Generated by org.testng.reporters.JUnitReportReporter -->
<testsuite hostname="LENOVO-PC" failures="0" tests="5" name="getrequest.Getdata" time="9.848" errors="0" timestamp="16 Dec 2018 17:42:00 GMT" skipped="0">
  <testcase classname="getrequest.Getdata" name="testresponsecode" time="1.578"/>
  <testcase classname="getrequest.Getdata" name="getinformation" time="1.557"/>
  <testcase classname="getrequest.Getdata" name="lotto_resource_returns_200_with_expected_id_and_winners" time="1.937"/>
  <testcase classname="getrequest.Getdata" name="tbody" time="1.678"/>
  <testcase classname="getrequest.Getdata" name="Sessionid" time="3.098"/>
</testsuite> <!-- getrequest.Getdata -->
