<?xml version="1.0" encoding="UTF-8"?>
<!-- Generated by org.testng.reporters.JUnitReportReporter -->
<testsuite hostname="jit-Ideapad-Z570" failures="0" tests="1" name="weather.SimpleGetTest" time="10.383" errors="0" timestamp="2020-03-08T23:24:08 IST" skipped="0">
  <testcase classname="weather.SimpleGetTest" name="GetWeatherDetails" time="10.383"/>
</testsuite> <!-- weather.SimpleGetTest -->
