<?xml version="1.0" encoding="UTF-8"?>
<!-- Generated by org.testng.reporters.JUnitReportReporter -->
<testsuite hostname="LENOVO-PC" failures="0" tests="2" name="zomatoAPI_Automation.Find_restaurant" time="4.886" errors="0" timestamp="16 Dec 2018 17:35:05 GMT" skipped="0">
  <testcase classname="zomatoAPI_Automation.Find_restaurant" name="findrestaurantInPune" time="4.132"/>
  <testcase classname="zomatoAPI_Automation.Find_restaurant" name="findresturantUsingParm" time="0.754"/>
</testsuite> <!-- zomatoAPI_Automation.Find_restaurant -->
