<?xml version="1.0" encoding="UTF-8"?>
<!-- Generated by org.testng.reporters.JUnitReportReporter -->
<testsuite hostname="jit-Ideapad-Z570" failures="0" tests="1" name="reqres_API_Automation.POST_request" time="0.012" errors="0" timestamp="2020-03-08T23:01:12 IST" skipped="0">
  <testcase classname="reqres_API_Automation.POST_request" name="temp" time="0.012"/>
</testsuite> <!-- reqres_API_Automation.POST_request -->
