<?xml version="1.0" encoding="UTF-8"?>
<!-- Generated by org.testng.reporters.JUnitReportReporter -->
<testsuite hostname="LENOVO-PC" failures="0" tests="1" name="zomatoAPI_Automation.Find_restaurant_in_Jhansi" time="7.162" errors="0" timestamp="30 Dec 2018 18:30:33 GMT" skipped="0">
  <testcase classname="zomatoAPI_Automation.Find_restaurant_in_Jhansi" name="ListofRestaurant" time="7.162"/>
</testsuite> <!-- zomatoAPI_Automation.Find_restaurant_in_Jhansi -->
