<?xml version="1.0" encoding="UTF-8"?>
<!-- Generated by org.testng.reporters.JUnitReportReporter -->
<testsuite hostname="LENOVO-PC" failures="0" tests="2" name="zomatoAPI_Automation.ModifiedSetup" time="7.124" errors="0" timestamp="14 Dec 2018 18:20:40 GMT" skipped="0">
  <testcase classname="zomatoAPI_Automation.ModifiedSetup" name="Setup" time="3.085"/>
  <testcase classname="zomatoAPI_Automation.ModifiedSetup" name="getexpirydate" time="4.039"/>
</testsuite> <!-- zomatoAPI_Automation.ModifiedSetup -->
